<?xml version="1.0" encoding="UTF-8"?>
<!-- Generated by org.testng.reporters.JUnitReportReporter -->
<testsuite hostname="LAPTOP-FMFEKA9D" failures="0" tests="1" name="grp.art.Test.testng" time="4.052" errors="0" timestamp="2024-08-28T20:30:58 IST" skipped="0">
  <testcase classname="grp.art.Test.testng" name="title" time="4.052"/>
</testsuite> <!-- grp.art.Test.testng -->
